2026-02-11 19:43:23,649 25680 WARNING ? odoo.tools.config: missing --http-interface/http_interface, using 0.0.0.0 by default, will change to 127.0.0.1 in 20.0 
2026-02-11 19:43:23,650 25680 INFO ? odoo: Odoo version 19.0 
2026-02-11 19:43:23,650 25680 INFO ? odoo: Using configuration file at c:\users\diluc\desktop\machadoerp-test\odoo-19.0\odoo.conf 
2026-02-11 19:43:23,650 25680 INFO ? odoo: addons paths: _NamespacePath(['C:\\Users\\diluc\\Desktop\\MachadoERP-Test\\odoo-19.0\\odoo\\addons', 'C:\\Users\\diluc\\AppData\\Local\\OpenERP S.A.\\Odoo\\addons\\19.0', 'c:\\users\\diluc\\desktop\\machadoerp-test\\odoo-19.0\\addons', 'c:\\users\\diluc\\desktop\\machadoerp-test']) 
2026-02-11 19:43:23,650 25680 INFO ? odoo: database: odoo@127.0.0.1:5432 
2026-02-11 19:43:28,553 25680 INFO erp_final odoo.modules.loading: loading 1 modules... 
2026-02-11 19:43:28,560 25680 INFO erp_final odoo.modules.loading: 1 modules loaded in 0.01s, 0 queries (+0 extra) 
2026-02-11 19:43:28,594 25680 INFO erp_final odoo.modules.loading: updating modules list 
2026-02-11 19:43:28,597 25680 INFO erp_final odoo.addons.base.models.ir_module: ALLOW access to module.update_list on [] to user __system__ #1 via n/a 
2026-02-11 19:43:37,452 25680 INFO erp_final odoo.addons.base.models.ir_module: ALLOW access to module.button_upgrade on ['Controle de Combustível'] to user __system__ #1 via n/a 
2026-02-11 19:43:37,452 25680 INFO erp_final odoo.addons.base.models.ir_module: ALLOW access to module.update_list on ['Controle de Combustível'] to user __system__ #1 via n/a 
2026-02-11 19:43:38,512 25680 INFO erp_final odoo.addons.base.models.ir_module: ALLOW access to module.button_install on [] to user __system__ #1 via n/a 
2026-02-11 19:43:38,571 25680 INFO erp_final odoo.modules.loading: loading 26 modules... 
2026-02-11 19:43:41,946 25680 INFO erp_final odoo.modules.loading: Loading module controle_combustivel (26/26) 
2026-02-11 19:43:42,240 25680 WARNING erp_final py.warnings: c:\users\diluc\desktop\machadoerp-test\controle_combustivel\controllers\main.py:103: DeprecationWarning: Since 19.0, @route(type='json') is a deprecated alias to @route(type='jsonrpc')
  File "C:\Users\diluc\Desktop\MachadoERP-Test\odoo-19.0\odoo-bin", line 6, in <module>
    odoo.cli.main()
  File "C:\Users\diluc\Desktop\MachadoERP-Test\odoo-19.0\odoo\cli\command.py", line 133, in main
    command().run(args)
  File "C:\Users\diluc\Desktop\MachadoERP-Test\odoo-19.0\odoo\cli\server.py", line 127, in run
    main(args)
  File "C:\Users\diluc\Desktop\MachadoERP-Test\odoo-19.0\odoo\cli\server.py", line 118, in main
    rc = server.start(preload=config['db_name'], stop=stop)
  File "C:\Users\diluc\Desktop\MachadoERP-Test\odoo-19.0\odoo\service\server.py", line 1596, in start
    rc = server.run(preload, stop)
  File "C:\Users\diluc\Desktop\MachadoERP-Test\odoo-19.0\odoo\service\server.py", line 668, in run
    rc = preload_registries(preload)
  File "C:\Users\diluc\Desktop\MachadoERP-Test\odoo-19.0\odoo\service\server.py", line 1510, in preload_registries
    registry = Registry.new(dbname, update_module=update_module, install_modules=config['init'], upgrade_modules=config['update'], reinit_modules=config['reinit'])
  File "C:\Users\diluc\Desktop\MachadoERP-Test\odoo-19.0\odoo\tools\func.py", line 88, in locked
    return func(inst, *args, **kwargs)
  File "C:\Users\diluc\Desktop\MachadoERP-Test\odoo-19.0\odoo\orm\registry.py", line 199, in new
    load_modules(
  File "C:\Users\diluc\Desktop\MachadoERP-Test\odoo-19.0\odoo\modules\loading.py", line 456, in load_modules
    load_module_graph(
  File "C:\Users\diluc\Desktop\MachadoERP-Test\odoo-19.0\odoo\modules\loading.py", line 170, in load_module_graph
    load_openerp_module(package.name)
  File "C:\Users\diluc\Desktop\MachadoERP-Test\odoo-19.0\odoo\modules\module.py", line 505, in load_openerp_module
    __import__(qualname)
  File "c:\users\diluc\desktop\machadoerp-test\controle_combustivel\__init__.py", line 4, in <module>
    from . import controllers
  File "c:\users\diluc\desktop\machadoerp-test\controle_combustivel\controllers\__init__.py", line 3, in <module>
    from . import main
  File "c:\users\diluc\desktop\machadoerp-test\controle_combustivel\controllers\main.py", line 103, in <module>
    class DashboardClientAction(http.Controller):
 
2026-02-11 19:43:42,246 25680 INFO erp_final odoo.registry: module controle_combustivel: creating or updating database tables 
2026-02-11 19:43:42,372 25680 INFO erp_final odoo.modules.loading: loading controle_combustivel/security/security.xml 
2026-02-11 19:43:42,484 25680 INFO erp_final odoo.modules.loading: loading controle_combustivel/security/ir.model.access.csv 
2026-02-11 19:43:42,506 25680 INFO erp_final odoo.modules.loading: loading controle_combustivel/data/sequence_data.xml 
2026-02-11 19:43:42,524 25680 INFO erp_final odoo.modules.loading: loading controle_combustivel/data/tanque_data.xml 
2026-02-11 19:43:42,540 25680 INFO erp_final odoo.modules.loading: loading controle_combustivel/views/tanque_views.xml 
2026-02-11 19:43:42,623 25680 INFO erp_final odoo.modules.loading: loading controle_combustivel/views/abastecimento_views.xml 
2026-02-11 19:43:42,745 25680 INFO erp_final odoo.modules.loading: loading controle_combustivel/views/dashboard_views.xml 
2026-02-11 19:43:42,765 25680 INFO erp_final odoo.modules.loading: loading controle_combustivel/views/menu_views.xml 
2026-02-11 19:43:42,852 25680 INFO erp_final odoo.modules.loading: loading controle_combustivel/reports/report_abastecimento.xml 
2026-02-11 19:43:42,918 25680 INFO erp_final odoo.modules.loading: Module controle_combustivel loaded in 0.97s, 431 queries (+431 other) 
2026-02-11 19:43:42,918 25680 INFO erp_final odoo.modules.loading: 26 modules loaded in 4.35s, 431 queries (+431 extra) 
2026-02-11 19:43:43,456 25680 INFO erp_final odoo.modules.loading: Modules loaded. 
2026-02-11 19:43:43,465 25680 INFO erp_final odoo.registry: Registry changed, signaling through the database 
2026-02-11 19:43:43,465 25680 INFO erp_final odoo.registry: Registry loaded in 15.164s 
2026-02-11 19:43:43,465 25680 INFO erp_final odoo.service.server: Initiating shutdown 
2026-02-11 19:43:43,465 25680 INFO erp_final odoo.service.server: Hit CTRL-C again or send a second signal to force the shutdown. 
2026-02-11 19:43:43,465 25680 INFO erp_final odoo.sql_db: ConnectionPool(read/write;used=0/count=0/max=64): Closed 1 connections  
