2026-02-11 19:20:35,579 26684 WARNING ? odoo.tools.config: missing --http-interface/http_interface, using 0.0.0.0 by default, will change to 127.0.0.1 in 20.0 
2026-02-11 19:20:35,580 26684 INFO ? odoo: Odoo version 19.0 
2026-02-11 19:20:35,581 26684 INFO ? odoo: Using configuration file at c:\users\diluc\desktop\machadoerp-test\odoo-19.0\odoo.conf 
2026-02-11 19:20:35,581 26684 INFO ? odoo: addons paths: _NamespacePath(['C:\\Users\\diluc\\Desktop\\MachadoERP-Test\\odoo-19.0\\odoo\\addons', 'C:\\Users\\diluc\\AppData\\Local\\OpenERP S.A.\\Odoo\\addons\\19.0', 'c:\\users\\diluc\\desktop\\machadoerp-test\\odoo-19.0\\addons', 'c:\\users\\diluc\\desktop\\machadoerp-test']) 
2026-02-11 19:20:35,581 26684 INFO ? odoo: database: odoo@127.0.0.1:5432 
2026-02-11 19:20:36,387 26684 INFO erp_final odoo.modules.loading: loading 1 modules... 
2026-02-11 19:20:36,391 26684 INFO erp_final odoo.modules.loading: 1 modules loaded in 0.00s, 0 queries (+0 extra) 
2026-02-11 19:20:36,422 26684 INFO erp_final odoo.modules.loading: updating modules list 
2026-02-11 19:20:36,424 26684 INFO erp_final odoo.addons.base.models.ir_module: ALLOW access to module.update_list on [] to user __system__ #1 via n/a 
2026-02-11 19:20:37,840 26684 INFO erp_final odoo.addons.base.models.ir_module: ALLOW access to module.button_upgrade on ['Controle de Combustível'] to user __system__ #1 via n/a 
2026-02-11 19:20:37,840 26684 INFO erp_final odoo.addons.base.models.ir_module: ALLOW access to module.update_list on ['Controle de Combustível'] to user __system__ #1 via n/a 
2026-02-11 19:20:38,869 26684 INFO erp_final odoo.addons.base.models.ir_module: ALLOW access to module.button_install on [] to user __system__ #1 via n/a 
2026-02-11 19:20:38,927 26684 INFO erp_final odoo.modules.loading: loading 26 modules... 
2026-02-11 19:20:39,369 26684 INFO erp_final odoo.modules.loading: Loading module controle_combustivel (26/26) 
2026-02-11 19:20:39,502 26684 WARNING erp_final py.warnings: c:\users\diluc\desktop\machadoerp-test\controle_combustivel\controllers\main.py:103: DeprecationWarning: Since 19.0, @route(type='json') is a deprecated alias to @route(type='jsonrpc')
  File "C:\Users\diluc\Desktop\MachadoERP-Test\odoo-19.0\odoo-bin", line 6, in <module>
    odoo.cli.main()
  File "C:\Users\diluc\Desktop\MachadoERP-Test\odoo-19.0\odoo\cli\command.py", line 133, in main
    command().run(args)
  File "C:\Users\diluc\Desktop\MachadoERP-Test\odoo-19.0\odoo\cli\server.py", line 127, in run
    main(args)
  File "C:\Users\diluc\Desktop\MachadoERP-Test\odoo-19.0\odoo\cli\server.py", line 118, in main
    rc = server.start(preload=config['db_name'], stop=stop)
  File "C:\Users\diluc\Desktop\MachadoERP-Test\odoo-19.0\odoo\service\server.py", line 1596, in start
    rc = server.run(preload, stop)
  File "C:\Users\diluc\Desktop\MachadoERP-Test\odoo-19.0\odoo\service\server.py", line 668, in run
    rc = preload_registries(preload)
  File "C:\Users\diluc\Desktop\MachadoERP-Test\odoo-19.0\odoo\service\server.py", line 1510, in preload_registries
    registry = Registry.new(dbname, update_module=update_module, install_modules=config['init'], upgrade_modules=config['update'], reinit_modules=config['reinit'])
  File "C:\Users\diluc\Desktop\MachadoERP-Test\odoo-19.0\odoo\tools\func.py", line 88, in locked
    return func(inst, *args, **kwargs)
  File "C:\Users\diluc\Desktop\MachadoERP-Test\odoo-19.0\odoo\orm\registry.py", line 199, in new
    load_modules(
  File "C:\Users\diluc\Desktop\MachadoERP-Test\odoo-19.0\odoo\modules\loading.py", line 456, in load_modules
    load_module_graph(
  File "C:\Users\diluc\Desktop\MachadoERP-Test\odoo-19.0\odoo\modules\loading.py", line 170, in load_module_graph
    load_openerp_module(package.name)
  File "C:\Users\diluc\Desktop\MachadoERP-Test\odoo-19.0\odoo\modules\module.py", line 505, in load_openerp_module
    __import__(qualname)
  File "c:\users\diluc\desktop\machadoerp-test\controle_combustivel\__init__.py", line 4, in <module>
    from . import controllers
  File "c:\users\diluc\desktop\machadoerp-test\controle_combustivel\controllers\__init__.py", line 3, in <module>
    from . import main
  File "c:\users\diluc\desktop\machadoerp-test\controle_combustivel\controllers\main.py", line 103, in <module>
    class DashboardClientAction(http.Controller):
 
2026-02-11 19:20:39,507 26684 INFO erp_final odoo.registry: module controle_combustivel: creating or updating database tables 
2026-02-11 19:20:39,557 26684 INFO erp_final odoo.modules.loading: loading controle_combustivel/security/security.xml 
2026-02-11 19:20:39,640 26684 INFO erp_final odoo.modules.loading: loading controle_combustivel/security/ir.model.access.csv 
2026-02-11 19:20:39,655 26684 INFO erp_final odoo.modules.loading: loading controle_combustivel/data/sequence_data.xml 
2026-02-11 19:20:39,662 26684 INFO erp_final odoo.modules.loading: loading controle_combustivel/data/tanque_data.xml 
2026-02-11 19:20:39,668 26684 INFO erp_final odoo.modules.loading: loading controle_combustivel/views/tanque_views.xml 
2026-02-11 19:20:39,759 26684 INFO erp_final odoo.modules.loading: loading controle_combustivel/views/abastecimento_views.xml 
2026-02-11 19:20:39,841 26684 INFO erp_final odoo.modules.loading: loading controle_combustivel/views/dashboard_views.xml 
2026-02-11 19:20:39,856 26684 WARNING erp_final odoo.modules.loading: Transient module states were reset 
2026-02-11 19:20:39,857 26684 ERROR erp_final odoo.registry: Failed to load registry 
2026-02-11 19:20:39,857 26684 CRITICAL erp_final odoo.service.server: Failed to initialize database `erp_final`. 
Traceback (most recent call last):
  File "C:\Users\diluc\Desktop\MachadoERP-Test\odoo-19.0\odoo\service\server.py", line 1510, in preload_registries
    registry = Registry.new(dbname, update_module=update_module, install_modules=config['init'], upgrade_modules=config['update'], reinit_modules=config['reinit'])
  File "C:\Users\diluc\Desktop\MachadoERP-Test\odoo-19.0\odoo\tools\func.py", line 88, in locked
    return func(inst, *args, **kwargs)
  File "C:\Users\diluc\Desktop\MachadoERP-Test\odoo-19.0\odoo\orm\registry.py", line 199, in new
    load_modules(
    ~~~~~~~~~~~~^
        registry,
        ^^^^^^^^^
    ...<5 lines>...
        models_to_check=models_to_check,
        ^^^^^^^^^^^^^^^^^^^^^^^^^^^^^^^^
    )
    ^
  File "C:\Users\diluc\Desktop\MachadoERP-Test\odoo-19.0\odoo\modules\loading.py", line 456, in load_modules
    load_module_graph(
    ~~~~~~~~~~~~~~~~~^
        env, graph, update_module=update_module,
        ^^^^^^^^^^^^^^^^^^^^^^^^^^^^^^^^^^^^^^^^
        report=report, models_to_check=models_to_check)
        ^^^^^^^^^^^^^^^^^^^^^^^^^^^^^^^^^^^^^^^^^^^^^^^
  File "C:\Users\diluc\Desktop\MachadoERP-Test\odoo-19.0\odoo\modules\loading.py", line 216, in load_module_graph
    load_data(env, idref, mode, kind='data', package=package)
    ~~~~~~~~~^^^^^^^^^^^^^^^^^^^^^^^^^^^^^^^^^^^^^^^^^^^^^^^^
  File "C:\Users\diluc\Desktop\MachadoERP-Test\odoo-19.0\odoo\modules\loading.py", line 59, in load_data
    convert_file(env, package.name, filename, idref, mode, noupdate=kind == 'demo')
    ~~~~~~~~~~~~^^^^^^^^^^^^^^^^^^^^^^^^^^^^^^^^^^^^^^^^^^^^^^^^^^^^^^^^^^^^^^^^^^^
  File "C:\Users\diluc\Desktop\MachadoERP-Test\odoo-19.0\odoo\tools\convert.py", line 693, in convert_file
    convert_xml_import(env, module, fp, idref, mode, noupdate)
    ~~~~~~~~~~~~~~~~~~^^^^^^^^^^^^^^^^^^^^^^^^^^^^^^^^^^^^^^^^
  File "C:\Users\diluc\Desktop\MachadoERP-Test\odoo-19.0\odoo\tools\convert.py", line 792, in convert_xml_import
    obj.parse(doc.getroot())
    ~~~~~~~~~^^^^^^^^^^^^^^^
  File "C:\Users\diluc\Desktop\MachadoERP-Test\odoo-19.0\odoo\tools\convert.py", line 663, in parse
    self._tag_root(de)
    ~~~~~~~~~~~~~~^^^^
  File "C:\Users\diluc\Desktop\MachadoERP-Test\odoo-19.0\odoo\tools\convert.py", line 616, in _tag_root
    raise ParseError(msg) from None  # Restart with "--log-handler odoo.tools.convert:DEBUG" for complete traceback
    ^^^^^^^^^^^^^^^^^^^^^^^^^^^^^^^
odoo.tools.convert.ParseError: while parsing file:/c:/users/diluc/desktop/machadoerp-test/controle_combustivel/views/dashboard_views.xml:239
For external id controle_combustivel.action_dashboard when trying to create/update a record of model ir.actions.act_url found record of different model ir.actions.client (23315)

View error context:
'-no context-'

2026-02-11 19:20:39,859 26684 INFO erp_final odoo.service.server: Initiating shutdown 
2026-02-11 19:20:39,859 26684 INFO erp_final odoo.service.server: Hit CTRL-C again or send a second signal to force the shutdown. 
2026-02-11 19:20:39,859 26684 INFO erp_final odoo.sql_db: ConnectionPool(read/write;used=0/count=0/max=64): Closed 1 connections  
