2026-02-11 18:36:43,834 21288 WARNING ? odoo.tools.config: missing --http-interface/http_interface, using 0.0.0.0 by default, will change to 127.0.0.1 in 20.0 
2026-02-11 18:36:43,834 21288 INFO ? odoo: Odoo version 19.0 
2026-02-11 18:36:43,835 21288 INFO ? odoo: Using configuration file at c:\users\diluc\desktop\machadoerp-test\odoo-19.0\odoo.conf 
2026-02-11 18:36:43,835 21288 INFO ? odoo: addons paths: _NamespacePath(['C:\\Users\\diluc\\Desktop\\MachadoERP-Test\\odoo-19.0\\odoo\\addons', 'C:\\Users\\diluc\\AppData\\Local\\OpenERP S.A.\\Odoo\\addons\\19.0', 'c:\\users\\diluc\\desktop\\machadoerp-test\\odoo-19.0\\addons', 'c:\\users\\diluc\\desktop\\machadoerp-test']) 
2026-02-11 18:36:43,835 21288 INFO ? odoo: database: odoo@127.0.0.1:5432 
2026-02-11 18:36:44,416 21288 INFO erp_final odoo.modules.loading: loading 1 modules... 
2026-02-11 18:36:44,420 21288 INFO erp_final odoo.modules.loading: 1 modules loaded in 0.00s, 0 queries (+0 extra) 
2026-02-11 18:36:44,450 21288 INFO erp_final odoo.modules.loading: updating modules list 
2026-02-11 18:36:44,453 21288 INFO erp_final odoo.addons.base.models.ir_module: ALLOW access to module.update_list on [] to user __system__ #1 via n/a 
2026-02-11 18:36:45,731 21288 INFO erp_final odoo.addons.base.models.ir_module: ALLOW access to module.button_upgrade on ['Controle de Combustível'] to user __system__ #1 via n/a 
2026-02-11 18:36:45,731 21288 INFO erp_final odoo.addons.base.models.ir_module: ALLOW access to module.update_list on ['Controle de Combustível'] to user __system__ #1 via n/a 
2026-02-11 18:36:46,585 21288 INFO erp_final odoo.addons.base.models.ir_module: ALLOW access to module.button_install on [] to user __system__ #1 via n/a 
2026-02-11 18:36:46,621 21288 INFO erp_final odoo.modules.loading: loading 26 modules... 
2026-02-11 18:36:46,943 21288 INFO erp_final odoo.modules.loading: Loading module controle_combustivel (26/26) 
2026-02-11 18:36:47,051 21288 WARNING erp_final py.warnings: c:\users\diluc\desktop\machadoerp-test\controle_combustivel\controllers\main.py:103: DeprecationWarning: Since 19.0, @route(type='json') is a deprecated alias to @route(type='jsonrpc')
  File "C:\Users\diluc\Desktop\MachadoERP-Test\odoo-19.0\odoo-bin", line 6, in <module>
    odoo.cli.main()
  File "C:\Users\diluc\Desktop\MachadoERP-Test\odoo-19.0\odoo\cli\command.py", line 133, in main
    command().run(args)
  File "C:\Users\diluc\Desktop\MachadoERP-Test\odoo-19.0\odoo\cli\server.py", line 127, in run
    main(args)
  File "C:\Users\diluc\Desktop\MachadoERP-Test\odoo-19.0\odoo\cli\server.py", line 118, in main
    rc = server.start(preload=config['db_name'], stop=stop)
  File "C:\Users\diluc\Desktop\MachadoERP-Test\odoo-19.0\odoo\service\server.py", line 1596, in start
    rc = server.run(preload, stop)
  File "C:\Users\diluc\Desktop\MachadoERP-Test\odoo-19.0\odoo\service\server.py", line 668, in run
    rc = preload_registries(preload)
  File "C:\Users\diluc\Desktop\MachadoERP-Test\odoo-19.0\odoo\service\server.py", line 1510, in preload_registries
    registry = Registry.new(dbname, update_module=update_module, install_modules=config['init'], upgrade_modules=config['update'], reinit_modules=config['reinit'])
  File "C:\Users\diluc\Desktop\MachadoERP-Test\odoo-19.0\odoo\tools\func.py", line 88, in locked
    return func(inst, *args, **kwargs)
  File "C:\Users\diluc\Desktop\MachadoERP-Test\odoo-19.0\odoo\orm\registry.py", line 199, in new
    load_modules(
  File "C:\Users\diluc\Desktop\MachadoERP-Test\odoo-19.0\odoo\modules\loading.py", line 456, in load_modules
    load_module_graph(
  File "C:\Users\diluc\Desktop\MachadoERP-Test\odoo-19.0\odoo\modules\loading.py", line 170, in load_module_graph
    load_openerp_module(package.name)
  File "C:\Users\diluc\Desktop\MachadoERP-Test\odoo-19.0\odoo\modules\module.py", line 505, in load_openerp_module
    __import__(qualname)
  File "c:\users\diluc\desktop\machadoerp-test\controle_combustivel\__init__.py", line 4, in <module>
    from . import controllers
  File "c:\users\diluc\desktop\machadoerp-test\controle_combustivel\controllers\__init__.py", line 3, in <module>
    from . import main
  File "c:\users\diluc\desktop\machadoerp-test\controle_combustivel\controllers\main.py", line 103, in <module>
    class DashboardClientAction(http.Controller):
 
2026-02-11 18:36:47,056 21288 INFO erp_final odoo.registry: module controle_combustivel: creating or updating database tables 
2026-02-11 18:36:47,096 21288 INFO erp_final odoo.modules.loading: loading controle_combustivel/security/security.xml 
2026-02-11 18:36:47,152 21288 INFO erp_final odoo.modules.loading: loading controle_combustivel/security/ir.model.access.csv 
2026-02-11 18:36:47,166 21288 INFO erp_final odoo.modules.loading: loading controle_combustivel/data/sequence_data.xml 
2026-02-11 18:36:47,175 21288 INFO erp_final odoo.modules.loading: loading controle_combustivel/data/tanque_data.xml 
2026-02-11 18:36:47,179 21288 INFO erp_final odoo.modules.loading: loading controle_combustivel/views/tanque_views.xml 
2026-02-11 18:36:47,224 21288 WARNING erp_final odoo.tools.view_validation: <string>:9:0:ERROR:RELAXNGV:RELAXNG_ERR_NOELEM: Expecting an element field, got nothing 
2026-02-11 18:36:47,224 21288 WARNING erp_final odoo.tools.view_validation: <string>:9:0:ERROR:RELAXNGV:RELAXNG_ERR_INVALIDATTR: Invalid attribute expand for element group 
2026-02-11 18:36:47,224 21288 WARNING erp_final odoo.tools.view_validation: <string>:3:0:ERROR:RELAXNGV:RELAXNG_ERR_EXTRACONTENT: Element search has extra content: field 
2026-02-11 18:36:47,224 21288 WARNING erp_final odoo.tools.view_validation: Invalid XML: Get RNG validator and validate RNG file. 
2026-02-11 18:36:47,229 21288 WARNING erp_final odoo.modules.loading: Transient module states were reset 
2026-02-11 18:36:47,229 21288 ERROR erp_final odoo.registry: Failed to load registry 
2026-02-11 18:36:47,229 21288 CRITICAL erp_final odoo.service.server: Failed to initialize database `erp_final`. 
Traceback (most recent call last):
  File "C:\Users\diluc\Desktop\MachadoERP-Test\odoo-19.0\odoo\service\server.py", line 1510, in preload_registries
    registry = Registry.new(dbname, update_module=update_module, install_modules=config['init'], upgrade_modules=config['update'], reinit_modules=config['reinit'])
  File "C:\Users\diluc\Desktop\MachadoERP-Test\odoo-19.0\odoo\tools\func.py", line 88, in locked
    return func(inst, *args, **kwargs)
  File "C:\Users\diluc\Desktop\MachadoERP-Test\odoo-19.0\odoo\orm\registry.py", line 199, in new
    load_modules(
    ~~~~~~~~~~~~^
        registry,
        ^^^^^^^^^
    ...<5 lines>...
        models_to_check=models_to_check,
        ^^^^^^^^^^^^^^^^^^^^^^^^^^^^^^^^
    )
    ^
  File "C:\Users\diluc\Desktop\MachadoERP-Test\odoo-19.0\odoo\modules\loading.py", line 456, in load_modules
    load_module_graph(
    ~~~~~~~~~~~~~~~~~^
        env, graph, update_module=update_module,
        ^^^^^^^^^^^^^^^^^^^^^^^^^^^^^^^^^^^^^^^^
        report=report, models_to_check=models_to_check)
        ^^^^^^^^^^^^^^^^^^^^^^^^^^^^^^^^^^^^^^^^^^^^^^^
  File "C:\Users\diluc\Desktop\MachadoERP-Test\odoo-19.0\odoo\modules\loading.py", line 216, in load_module_graph
    load_data(env, idref, mode, kind='data', package=package)
    ~~~~~~~~~^^^^^^^^^^^^^^^^^^^^^^^^^^^^^^^^^^^^^^^^^^^^^^^^
  File "C:\Users\diluc\Desktop\MachadoERP-Test\odoo-19.0\odoo\modules\loading.py", line 59, in load_data
    convert_file(env, package.name, filename, idref, mode, noupdate=kind == 'demo')
    ~~~~~~~~~~~~^^^^^^^^^^^^^^^^^^^^^^^^^^^^^^^^^^^^^^^^^^^^^^^^^^^^^^^^^^^^^^^^^^^
  File "C:\Users\diluc\Desktop\MachadoERP-Test\odoo-19.0\odoo\tools\convert.py", line 693, in convert_file
    convert_xml_import(env, module, fp, idref, mode, noupdate)
    ~~~~~~~~~~~~~~~~~~^^^^^^^^^^^^^^^^^^^^^^^^^^^^^^^^^^^^^^^^
  File "C:\Users\diluc\Desktop\MachadoERP-Test\odoo-19.0\odoo\tools\convert.py", line 792, in convert_xml_import
    obj.parse(doc.getroot())
    ~~~~~~~~~^^^^^^^^^^^^^^^
  File "C:\Users\diluc\Desktop\MachadoERP-Test\odoo-19.0\odoo\tools\convert.py", line 663, in parse
    self._tag_root(de)
    ~~~~~~~~~~~~~~^^^^
  File "C:\Users\diluc\Desktop\MachadoERP-Test\odoo-19.0\odoo\tools\convert.py", line 616, in _tag_root
    raise ParseError(msg) from None  # Restart with "--log-handler odoo.tools.convert:DEBUG" for complete traceback
    ^^^^^^^^^^^^^^^^^^^^^^^^^^^^^^^
odoo.tools.convert.ParseError: while parsing file:/c:/users/diluc/desktop/machadoerp-test/controle_combustivel/views/tanque_views.xml:176
Invalid view Entrada Search Minimal (controle_combustivel.view_entrada_search) definition in controle_combustivel/views/tanque_views.xml

View error context:
'-no context-'

2026-02-11 18:36:47,232 21288 INFO erp_final odoo.service.server: Initiating shutdown 
2026-02-11 18:36:47,232 21288 INFO erp_final odoo.service.server: Hit CTRL-C again or send a second signal to force the shutdown. 
2026-02-11 18:36:47,232 21288 INFO erp_final odoo.sql_db: ConnectionPool(read/write;used=0/count=0/max=64): Closed 1 connections  
2026-02-11 18:37:39,349 9772 WARNING ? odoo.tools.config: missing --http-interface/http_interface, using 0.0.0.0 by default, will change to 127.0.0.1 in 20.0 
2026-02-11 18:37:39,349 9772 INFO ? odoo: Odoo version 19.0 
2026-02-11 18:37:39,349 9772 INFO ? odoo: Using configuration file at c:\users\diluc\desktop\machadoerp-test\odoo-19.0\odoo.conf 
2026-02-11 18:37:39,349 9772 INFO ? odoo: addons paths: _NamespacePath(['C:\\Users\\diluc\\Desktop\\MachadoERP-Test\\odoo-19.0\\odoo\\addons', 'C:\\Users\\diluc\\AppData\\Local\\OpenERP S.A.\\Odoo\\addons\\19.0', 'c:\\users\\diluc\\desktop\\machadoerp-test\\odoo-19.0\\addons', 'c:\\users\\diluc\\desktop\\machadoerp-test']) 
2026-02-11 18:37:39,350 9772 INFO ? odoo: database: odoo@127.0.0.1:5432 
2026-02-11 18:37:39,896 9772 INFO erp_final odoo.modules.loading: loading 1 modules... 
2026-02-11 18:37:39,900 9772 INFO erp_final odoo.modules.loading: 1 modules loaded in 0.00s, 0 queries (+0 extra) 
2026-02-11 18:37:39,928 9772 INFO erp_final odoo.modules.loading: updating modules list 
2026-02-11 18:37:39,930 9772 INFO erp_final odoo.addons.base.models.ir_module: ALLOW access to module.update_list on [] to user __system__ #1 via n/a 
2026-02-11 18:37:41,122 9772 INFO erp_final odoo.addons.base.models.ir_module: ALLOW access to module.button_upgrade on ['Controle de Combustível'] to user __system__ #1 via n/a 
2026-02-11 18:37:41,122 9772 INFO erp_final odoo.addons.base.models.ir_module: ALLOW access to module.update_list on ['Controle de Combustível'] to user __system__ #1 via n/a 
2026-02-11 18:37:41,993 9772 INFO erp_final odoo.addons.base.models.ir_module: ALLOW access to module.button_install on [] to user __system__ #1 via n/a 
2026-02-11 18:37:42,025 9772 INFO erp_final odoo.modules.loading: loading 26 modules... 
2026-02-11 18:37:42,422 9772 INFO erp_final odoo.modules.loading: Loading module controle_combustivel (26/26) 
2026-02-11 18:37:42,531 9772 WARNING erp_final py.warnings: c:\users\diluc\desktop\machadoerp-test\controle_combustivel\controllers\main.py:103: DeprecationWarning: Since 19.0, @route(type='json') is a deprecated alias to @route(type='jsonrpc')
  File "C:\Users\diluc\Desktop\MachadoERP-Test\odoo-19.0\odoo-bin", line 6, in <module>
    odoo.cli.main()
  File "C:\Users\diluc\Desktop\MachadoERP-Test\odoo-19.0\odoo\cli\command.py", line 133, in main
    command().run(args)
  File "C:\Users\diluc\Desktop\MachadoERP-Test\odoo-19.0\odoo\cli\server.py", line 127, in run
    main(args)
  File "C:\Users\diluc\Desktop\MachadoERP-Test\odoo-19.0\odoo\cli\server.py", line 118, in main
    rc = server.start(preload=config['db_name'], stop=stop)
  File "C:\Users\diluc\Desktop\MachadoERP-Test\odoo-19.0\odoo\service\server.py", line 1596, in start
    rc = server.run(preload, stop)
  File "C:\Users\diluc\Desktop\MachadoERP-Test\odoo-19.0\odoo\service\server.py", line 668, in run
    rc = preload_registries(preload)
  File "C:\Users\diluc\Desktop\MachadoERP-Test\odoo-19.0\odoo\service\server.py", line 1510, in preload_registries
    registry = Registry.new(dbname, update_module=update_module, install_modules=config['init'], upgrade_modules=config['update'], reinit_modules=config['reinit'])
  File "C:\Users\diluc\Desktop\MachadoERP-Test\odoo-19.0\odoo\tools\func.py", line 88, in locked
    return func(inst, *args, **kwargs)
  File "C:\Users\diluc\Desktop\MachadoERP-Test\odoo-19.0\odoo\orm\registry.py", line 199, in new
    load_modules(
  File "C:\Users\diluc\Desktop\MachadoERP-Test\odoo-19.0\odoo\modules\loading.py", line 456, in load_modules
    load_module_graph(
  File "C:\Users\diluc\Desktop\MachadoERP-Test\odoo-19.0\odoo\modules\loading.py", line 170, in load_module_graph
    load_openerp_module(package.name)
  File "C:\Users\diluc\Desktop\MachadoERP-Test\odoo-19.0\odoo\modules\module.py", line 505, in load_openerp_module
    __import__(qualname)
  File "c:\users\diluc\desktop\machadoerp-test\controle_combustivel\__init__.py", line 4, in <module>
    from . import controllers
  File "c:\users\diluc\desktop\machadoerp-test\controle_combustivel\controllers\__init__.py", line 3, in <module>
    from . import main
  File "c:\users\diluc\desktop\machadoerp-test\controle_combustivel\controllers\main.py", line 103, in <module>
    class DashboardClientAction(http.Controller):
 
2026-02-11 18:37:42,536 9772 INFO erp_final odoo.registry: module controle_combustivel: creating or updating database tables 
2026-02-11 18:37:42,580 9772 INFO erp_final odoo.modules.loading: loading controle_combustivel/security/security.xml 
2026-02-11 18:37:42,632 9772 INFO erp_final odoo.modules.loading: loading controle_combustivel/security/ir.model.access.csv 
2026-02-11 18:37:42,645 9772 INFO erp_final odoo.modules.loading: loading controle_combustivel/data/sequence_data.xml 
2026-02-11 18:37:42,653 9772 INFO erp_final odoo.modules.loading: loading controle_combustivel/data/tanque_data.xml 
2026-02-11 18:37:42,656 9772 INFO erp_final odoo.modules.loading: loading controle_combustivel/views/tanque_views.xml 
2026-02-11 18:37:42,707 9772 INFO erp_final odoo.modules.loading: loading controle_combustivel/views/abastecimento_views.xml 
2026-02-11 18:37:42,759 9772 INFO erp_final odoo.modules.loading: loading controle_combustivel/views/dashboard_views.xml 
2026-02-11 18:37:42,770 9772 INFO erp_final odoo.modules.loading: loading controle_combustivel/views/menu_views.xml 
2026-02-11 18:37:42,809 9772 INFO erp_final odoo.modules.loading: loading controle_combustivel/reports/report_abastecimento.xml 
2026-02-11 18:37:42,836 9772 INFO erp_final odoo.modules.loading: Module controle_combustivel loaded in 0.41s, 427 queries (+427 other) 
2026-02-11 18:37:42,836 9772 INFO erp_final odoo.modules.loading: 26 modules loaded in 0.81s, 427 queries (+427 extra) 
2026-02-11 18:37:43,203 9772 INFO erp_final odoo.modules.loading: Modules loaded. 
2026-02-11 18:37:43,210 9772 INFO erp_final odoo.registry: Registry changed, signaling through the database 
2026-02-11 18:37:43,211 9772 INFO erp_final odoo.registry: Registry loaded in 3.376s 
2026-02-11 18:37:43,212 9772 INFO erp_final odoo.service.server: Initiating shutdown 
2026-02-11 18:37:43,212 9772 INFO erp_final odoo.service.server: Hit CTRL-C again or send a second signal to force the shutdown. 
2026-02-11 18:37:43,212 9772 INFO erp_final odoo.sql_db: ConnectionPool(read/write;used=0/count=0/max=64): Closed 1 connections  
